<?xml version="1.0" encoding="UTF-8"?>
<testsuite name="com.oracle.sample.tests.ComputationTester" tests="2" skipped="0" failures="0" errors="0" timestamp="2017-12-09T20:20:34" hostname="SaiSushanth-PC" time="0.027">
  <properties/>
  <testcase name="subtractTester" classname="com.oracle.sample.tests.ComputationTester" time="0.026"/>
  <testcase name="addTester" classname="com.oracle.sample.tests.ComputationTester" time="0.0"/>
  <system-out><![CDATA[Input numbers are : 2 and 3 and their diff is -1
Input numbers are : 2 and 3 and their sum is 5
]]></system-out>
  <system-err><![CDATA[]]></system-err>
</testsuite>
